<?xml version="1.0" encoding="utf-8"?><testsuites name="pytest tests"><testsuite name="pytest" errors="0" failures="3" skipped="0" tests="27" time="0.782" timestamp="2025-10-30T11:24:47.821856-05:00" hostname="DESK-ACANTA"><testcase classname="tests.data.test_validation.TestDataQuality" name="test_no_missing_values_critical_columns" time="0.002" /><testcase classname="tests.data.test_validation.TestDataQuality" name="test_no_duplicate_rows" time="0.002" /><testcase classname="tests.data.test_validation.TestDataQuality" name="test_data_types_consistency" time="0.001" /><testcase classname="tests.data.test_validation.TestDataQuality" name="test_value_ranges_valid" time="0.001"><failure message="AssertionError: Column Weight min value 5.174653198618543 is below 10&#10;assert np.float64(5.174653198618543) &gt;= 10">tests\data\test_validation.py:69: in test_value_ranges_valid
    assert col_min &gt;= min_val, f"Column {col} min value {col_min} is below {min_val}"
E   AssertionError: Column Weight min value 5.174653198618543 is below 10
E   assert np.float64(5.174653198618543) &gt;= 10</failure></testcase><testcase classname="tests.data.test_validation.TestDataQuality" name="test_categorical_values_valid" time="0.001" /><testcase classname="tests.data.test_validation.TestDataQuality" name="test_numerical_outliers" time="0.003" /><testcase classname="tests.data.test_validation.TestDataIntegrity" name="test_bmi_consistency" time="0.001"><failure message="AssertionError: BMI-Obesity category consistency is only 30.77%&#10;assert np.float64(30.76923076923077) &gt;= 70">tests\data\test_validation.py:138: in test_bmi_consistency
    assert consistency_rate &gt;= 70, f"BMI-Obesity category consistency is only {consistency_rate:.2f}%"
E   AssertionError: BMI-Obesity category consistency is only 30.77%
E   assert np.float64(30.76923076923077) &gt;= 70</failure></testcase><testcase classname="tests.data.test_validation.TestDataIntegrity" name="test_age_gender_distribution" time="0.003" /><testcase classname="tests.data.test_validation.TestDataIntegrity" name="test_lifestyle_consistency" time="0.001" /><testcase classname="tests.data.test_validation.TestDataIntegrity" name="test_transportation_lifestyle_relationship" time="0.001"><failure message="AssertionError: Inconsistent transportation-activity relationship&#10;assert np.float64(1.0909090909090908) &gt;= (np.float64(1.43) * 0.8)">tests\data\test_validation.py:179: in test_transportation_lifestyle_relationship
    assert walking_faf &gt;= total_faf * 0.8, "Inconsistent transportation-activity relationship"
E   AssertionError: Inconsistent transportation-activity relationship
E   assert np.float64(1.0909090909090908) &gt;= (np.float64(1.43) * 0.8)</failure></testcase><testcase classname="tests.data.test_validation.TestDataSchema" name="test_required_columns_present" time="0.001" /><testcase classname="tests.data.test_validation.TestDataSchema" name="test_column_count" time="0.001" /><testcase classname="tests.data.test_validation.TestDataSchema" name="test_row_count_reasonable" time="0.001" /><testcase classname="tests.data.test_validation.TestDataSchema" name="test_data_not_empty" time="0.001" /><testcase classname="tests.data.test_validation.TestDataStatistics" name="test_target_distribution" time="0.001" /><testcase classname="tests.data.test_validation.TestDataStatistics" name="test_numerical_distributions" time="0.002" /><testcase classname="tests.data.test_validation.TestDataStatistics" name="test_correlation_patterns" time="0.001" /><testcase classname="tests.data.test_validation.TestFeatureEngineeredData" name="test_bmi_calculation" time="0.001" /><testcase classname="tests.data.test_validation.TestFeatureEngineeredData" name="test_normalized_features" time="0.001" /><testcase classname="tests.data.test_validation.TestFeatureEngineeredData" name="test_encoded_features" time="0.001" /><testcase classname="tests.data.test_validation.TestFeatureEngineeredData" name="test_lifestyle_scores" time="0.001" /><testcase classname="tests.data.test_validation.TestDataSplits" name="test_train_test_split_sizes[0.1]" time="0.590" /><testcase classname="tests.data.test_validation.TestDataSplits" name="test_train_test_split_sizes[0.2]" time="0.002" /><testcase classname="tests.data.test_validation.TestDataSplits" name="test_train_test_split_sizes[0.3]" time="0.001" /><testcase classname="tests.data.test_validation.TestDataSplits" name="test_stratified_split_distribution[0.1]" time="0.003" /><testcase classname="tests.data.test_validation.TestDataSplits" name="test_stratified_split_distribution[0.2]" time="0.003" /><testcase classname="tests.data.test_validation.TestDataSplits" name="test_stratified_split_distribution[0.3]" time="0.002" /></testsuite></testsuites>